This file contains any messages produced by compilers while
running configure, to aid debugging if configure makes a mistake.

It was created by guichanffdemo configure 1.0, which was
generated by GNU Autoconf 2.59.  Invocation command line was

  $ ./configure 

## --------- ##
## Platform. ##
## --------- ##

hostname = Ernst
uname -m = i686
uname -r = 2.6.15.1
uname -s = Linux
uname -v = #1 SMP Mon Apr 3 17:53:46 CEST 2006

/usr/bin/uname -p = AMD Turion(tm) 64 Mobile Technology ML-34
/bin/uname -X     = unknown

/bin/arch              = i686
/usr/bin/arch -k       = unknown
/usr/convex/getsysinfo = unknown
hostinfo               = unknown
/bin/machine           = unknown
/usr/bin/oslevel       = unknown
/bin/universe          = unknown

PATH: /usr/local/bin
PATH: /usr/bin
PATH: /bin
PATH: /opt/bin
PATH: /usr/i686-pc-linux-gnu/gcc-bin/3.4.4
PATH: /opt/ati/bin
PATH: /opt/sun-jre-bin-1.5.0.06/bin
PATH: /opt/sun-jre-bin-1.5.0.06/javaws
PATH: /usr/qt/3/bin
PATH: /usr/kde/3.4/bin


## ----------- ##
## Core tests. ##
## ----------- ##

configure:1375: checking build system type
configure:1393: result: i686-pc-linux-gnu
configure:1401: checking host system type
configure:1415: result: i686-pc-linux-gnu
configure:1423: checking target system type
configure:1437: result: i686-pc-linux-gnu
configure:1467: checking for a BSD-compatible install
configure:1522: result: /usr/bin/install -c
configure:1533: checking whether build environment is sane
configure:1576: result: yes
configure:1609: checking for gawk
configure:1625: found /usr/bin/gawk
configure:1635: result: gawk
configure:1645: checking whether make sets $(MAKE)
configure:1665: result: yes
configure:1869: checking for g++
configure:1885: found /usr/bin/g++
configure:1895: result: g++
configure:1911: checking for C++ compiler version
configure:1914: g++ --version </dev/null >&5
g++ (GCC) 3.4.4 (Gentoo 3.4.4-r1, ssp-3.4.4-1.0, pie-8.7.8)
Copyright (C) 2004 Free Software Foundation, Inc.
This is free software; see the source for copying conditions.  There is NO
warranty; not even for MERCHANTABILITY or FITNESS FOR A PARTICULAR PURPOSE.

configure:1917: $? = 0
configure:1919: g++ -v </dev/null >&5
Reading specs from /usr/lib/gcc/i686-pc-linux-gnu/3.4.4/specs
Configured with: /var/tmp/portage/gcc-3.4.4-r1/work/gcc-3.4.4/configure --prefix=/usr --bindir=/usr/i686-pc-linux-gnu/gcc-bin/3.4.4 --includedir=/usr/lib/gcc/i686-pc-linux-gnu/3.4.4/include --datadir=/usr/share/gcc-data/i686-pc-linux-gnu/3.4.4 --mandir=/usr/share/gcc-data/i686-pc-linux-gnu/3.4.4/man --infodir=/usr/share/gcc-data/i686-pc-linux-gnu/3.4.4/info --with-gxx-include-dir=/usr/lib/gcc/i686-pc-linux-gnu/3.4.4/include/g++-v3 --host=i686-pc-linux-gnu --build=i686-pc-linux-gnu --disable-altivec --enable-nls --without-included-gettext --with-system-zlib --disable-checking --disable-werror --disable-libunwind-exceptions --disable-multilib --disable-libgcj --enable-languages=c,c++,f77 --enable-shared --enable-threads=posix --enable-__cxa_atexit --enable-clocale=gnu
Thread model: posix
gcc version 3.4.4 (Gentoo 3.4.4-r1, ssp-3.4.4-1.0, pie-8.7.8)
configure:1922: $? = 0
configure:1924: g++ -V </dev/null >&5
g++: `-V' option must have argument
configure:1927: $? = 1
configure:1950: checking for C++ compiler default output file name
configure:1953: g++    conftest.cc  >&5
configure:1956: $? = 0
configure:2002: result: a.out
configure:2007: checking whether the C++ compiler works
configure:2013: ./a.out
configure:2016: $? = 0
configure:2033: result: yes
configure:2040: checking whether we are cross compiling
configure:2042: result: no
configure:2045: checking for suffix of executables
configure:2047: g++ -o conftest    conftest.cc  >&5
configure:2050: $? = 0
configure:2075: result: 
configure:2081: checking for suffix of object files
configure:2102: g++ -c   conftest.cc >&5
configure:2105: $? = 0
configure:2127: result: o
configure:2131: checking whether we are using the GNU C++ compiler
configure:2155: g++ -c   conftest.cc >&5
configure:2161: $? = 0
configure:2165: test -z 
			 || test ! -s conftest.err
configure:2168: $? = 0
configure:2171: test -s conftest.o
configure:2174: $? = 0
configure:2187: result: yes
configure:2193: checking whether g++ accepts -g
configure:2214: g++ -c -g  conftest.cc >&5
configure:2220: $? = 0
configure:2224: test -z 
			 || test ! -s conftest.err
configure:2227: $? = 0
configure:2230: test -s conftest.o
configure:2233: $? = 0
configure:2244: result: yes
configure:2286: g++ -c -g -O2  conftest.cc >&5
configure:2292: $? = 0
configure:2296: test -z 
			 || test ! -s conftest.err
configure:2299: $? = 0
configure:2302: test -s conftest.o
configure:2305: $? = 0
configure:2331: g++ -c -g -O2  conftest.cc >&5
conftest.cc: In function `int main()':
conftest.cc:15: error: `exit' undeclared (first use this function)
conftest.cc:15: error: (Each undeclared identifier is reported only once for each function it appears in.)
configure:2337: $? = 1
configure: failed program was:
| /* confdefs.h.  */
| 
| #define PACKAGE_NAME "guichanffdemo"
| #define PACKAGE_TARNAME "Gui-chan-FF-demo"
| #define PACKAGE_VERSION "1.0"
| #define PACKAGE_STRING "guichanffdemo 1.0"
| #define PACKAGE_BUGREPORT "jansem@darkbits.org"
| #define PACKAGE "Gui-chan-FF-demo"
| #define VERSION "1.0"
| /* end confdefs.h.  */
| 
| int
| main ()
| {
| exit (42);
|   ;
|   return 0;
| }
configure:2286: g++ -c -g -O2  conftest.cc >&5
configure:2292: $? = 0
configure:2296: test -z 
			 || test ! -s conftest.err
configure:2299: $? = 0
configure:2302: test -s conftest.o
configure:2305: $? = 0
configure:2331: g++ -c -g -O2  conftest.cc >&5
configure:2337: $? = 0
configure:2341: test -z 
			 || test ! -s conftest.err
configure:2344: $? = 0
configure:2347: test -s conftest.o
configure:2350: $? = 0
configure:2392: checking for style of include used by make
configure:2420: result: GNU
configure:2448: checking dependency style of g++
configure:2510: result: gcc3
configure:2561: checking for gcc
configure:2577: found /usr/bin/gcc
configure:2587: result: gcc
configure:2831: checking for C compiler version
configure:2834: gcc --version </dev/null >&5
gcc (GCC) 3.4.4 (Gentoo 3.4.4-r1, ssp-3.4.4-1.0, pie-8.7.8)
Copyright (C) 2004 Free Software Foundation, Inc.
This is free software; see the source for copying conditions.  There is NO
warranty; not even for MERCHANTABILITY or FITNESS FOR A PARTICULAR PURPOSE.

configure:2837: $? = 0
configure:2839: gcc -v </dev/null >&5
Reading specs from /usr/lib/gcc/i686-pc-linux-gnu/3.4.4/specs
Configured with: /var/tmp/portage/gcc-3.4.4-r1/work/gcc-3.4.4/configure --prefix=/usr --bindir=/usr/i686-pc-linux-gnu/gcc-bin/3.4.4 --includedir=/usr/lib/gcc/i686-pc-linux-gnu/3.4.4/include --datadir=/usr/share/gcc-data/i686-pc-linux-gnu/3.4.4 --mandir=/usr/share/gcc-data/i686-pc-linux-gnu/3.4.4/man --infodir=/usr/share/gcc-data/i686-pc-linux-gnu/3.4.4/info --with-gxx-include-dir=/usr/lib/gcc/i686-pc-linux-gnu/3.4.4/include/g++-v3 --host=i686-pc-linux-gnu --build=i686-pc-linux-gnu --disable-altivec --enable-nls --without-included-gettext --with-system-zlib --disable-checking --disable-werror --disable-libunwind-exceptions --disable-multilib --disable-libgcj --enable-languages=c,c++,f77 --enable-shared --enable-threads=posix --enable-__cxa_atexit --enable-clocale=gnu
Thread model: posix
gcc version 3.4.4 (Gentoo 3.4.4-r1, ssp-3.4.4-1.0, pie-8.7.8)
configure:2842: $? = 0
configure:2844: gcc -V </dev/null >&5
gcc: `-V' option must have argument
configure:2847: $? = 1
configure:2850: checking whether we are using the GNU C compiler
configure:2874: gcc -c   conftest.c >&5
configure:2880: $? = 0
configure:2884: test -z 
			 || test ! -s conftest.err
configure:2887: $? = 0
configure:2890: test -s conftest.o
configure:2893: $? = 0
configure:2906: result: yes
configure:2912: checking whether gcc accepts -g
configure:2933: gcc -c -g  conftest.c >&5
configure:2939: $? = 0
configure:2943: test -z 
			 || test ! -s conftest.err
configure:2946: $? = 0
configure:2949: test -s conftest.o
configure:2952: $? = 0
configure:2963: result: yes
configure:2980: checking for gcc option to accept ANSI C
configure:3050: gcc  -c -g -O2  conftest.c >&5
configure:3056: $? = 0
configure:3060: test -z 
			 || test ! -s conftest.err
configure:3063: $? = 0
configure:3066: test -s conftest.o
configure:3069: $? = 0
configure:3087: result: none needed
configure:3105: gcc -c -g -O2  conftest.c >&5
conftest.c:2: error: parse error before "me"
configure:3111: $? = 1
configure: failed program was:
| #ifndef __cplusplus
|   choke me
| #endif
configure:3246: checking dependency style of gcc
configure:3308: result: gcc3
configure:3314: checking whether make sets $(MAKE)
configure:3334: result: yes
configure:3362: checking for a BSD-compatible install
configure:3417: result: /usr/bin/install -c
configure:3434: checking how to run the C++ preprocessor
configure:3465: g++ -E  conftest.cc
configure:3471: $? = 0
configure:3503: g++ -E  conftest.cc
conftest.cc:14:28: ac_nonexistent.h: No such file or directory
configure:3509: $? = 1
configure: failed program was:
| /* confdefs.h.  */
| 
| #define PACKAGE_NAME "guichanffdemo"
| #define PACKAGE_TARNAME "Gui-chan-FF-demo"
| #define PACKAGE_VERSION "1.0"
| #define PACKAGE_STRING "guichanffdemo 1.0"
| #define PACKAGE_BUGREPORT "jansem@darkbits.org"
| #define PACKAGE "Gui-chan-FF-demo"
| #define VERSION "1.0"
| #ifdef __cplusplus
| extern "C" void std::exit (int) throw (); using std::exit;
| #endif
| /* end confdefs.h.  */
| #include <ac_nonexistent.h>
configure:3548: result: g++ -E
configure:3572: g++ -E  conftest.cc
configure:3578: $? = 0
configure:3610: g++ -E  conftest.cc
conftest.cc:14:28: ac_nonexistent.h: No such file or directory
configure:3616: $? = 1
configure: failed program was:
| /* confdefs.h.  */
| 
| #define PACKAGE_NAME "guichanffdemo"
| #define PACKAGE_TARNAME "Gui-chan-FF-demo"
| #define PACKAGE_VERSION "1.0"
| #define PACKAGE_STRING "guichanffdemo 1.0"
| #define PACKAGE_BUGREPORT "jansem@darkbits.org"
| #define PACKAGE "Gui-chan-FF-demo"
| #define VERSION "1.0"
| #ifdef __cplusplus
| extern "C" void std::exit (int) throw (); using std::exit;
| #endif
| /* end confdefs.h.  */
| #include <ac_nonexistent.h>
configure:3660: checking for egrep
configure:3670: result: grep -E
configure:3675: checking for ANSI C header files
configure:3700: g++ -c -g -O2  conftest.cc >&5
configure:3706: $? = 0
configure:3710: test -z 
			 || test ! -s conftest.err
configure:3713: $? = 0
configure:3716: test -s conftest.o
configure:3719: $? = 0
configure:3808: g++ -o conftest -g -O2   conftest.cc  >&5
configure:3811: $? = 0
configure:3813: ./conftest
configure:3816: $? = 0
configure:3831: result: yes
configure:3844: checking for sdl-config
configure:3860: found /usr/bin/sdl-config
configure:3870: result: yes
configure:3885: checking for IMG_Load in -lSDL_image
configure:3915: g++ -o conftest -g -O2 -g -O2 -I/usr/include/SDL -D_REENTRANT  -lSDL -lpthread conftest.cc -lSDL_image   >&5
configure:3921: $? = 0
configure:3925: test -z 
			 || test ! -s conftest.err
configure:3928: $? = 0
configure:3931: test -s conftest
configure:3934: $? = 0
configure:3947: result: yes
configure:3958: checking for Mix_OpenAudio in -lSDL_mixer
configure:3988: g++ -o conftest -g -O2 -g -O2 -I/usr/include/SDL -D_REENTRANT  -lSDL -lpthread conftest.cc -lSDL_mixer   >&5
configure:3994: $? = 0
configure:3998: test -z 
			 || test ! -s conftest.err
configure:4001: $? = 0
configure:4004: test -s conftest
configure:4007: $? = 0
configure:4020: result: yes
configure:4031: checking for X
configure:4136: g++ -E -g -O2 -I/usr/include/SDL -D_REENTRANT conftest.cc
configure:4142: $? = 0
configure:4192: g++ -o conftest -g -O2 -g -O2 -I/usr/include/SDL -D_REENTRANT  -lSDL -lpthread conftest.cc -lXt  >&5
configure:4198: $? = 0
configure:4202: test -z 
			 || test ! -s conftest.err
configure:4205: $? = 0
configure:4208: test -s conftest
configure:4211: $? = 0
configure:4261: result: libraries , headers 
configure:4458: checking for the pthreads library -lpthreads
configure:4496: gcc -o conftest -g -O2  -g -O2 -I/usr/include/SDL -D_REENTRANT  -lSDL -lpthread conftest.c -lpthreads  >&5
/usr/lib/gcc/i686-pc-linux-gnu/3.4.4/../../../../i686-pc-linux-gnu/bin/ld: cannot find -lpthreads
collect2: ld returned 1 exit status
configure:4502: $? = 1
configure: failed program was:
| /* confdefs.h.  */
| 
| #define PACKAGE_NAME "guichanffdemo"
| #define PACKAGE_TARNAME "Gui-chan-FF-demo"
| #define PACKAGE_VERSION "1.0"
| #define PACKAGE_STRING "guichanffdemo 1.0"
| #define PACKAGE_BUGREPORT "jansem@darkbits.org"
| #define PACKAGE "Gui-chan-FF-demo"
| #define VERSION "1.0"
| #ifdef __cplusplus
| extern "C" void std::exit (int) throw (); using std::exit;
| #endif
| #define STDC_HEADERS 1
| /* end confdefs.h.  */
| #include <pthread.h>
| int
| main ()
| {
| pthread_t th; pthread_join(th, 0);
|                      pthread_attr_init(0); pthread_cleanup_push(0, 0);
|                      pthread_create(0,0,0,0); pthread_cleanup_pop(0);
|   ;
|   return 0;
| }
configure:4529: result: no
configure:4405: checking whether pthreads work without any flags
configure:4496: gcc -o conftest -g -O2  -g -O2 -I/usr/include/SDL -D_REENTRANT  -lSDL -lpthread conftest.c   >&5
configure:4502: $? = 0
configure:4506: test -z 
			 || test ! -s conftest.err
configure:4509: $? = 0
configure:4512: test -s conftest
configure:4515: $? = 0
configure:4529: result: yes
configure:4549: checking for joinable pthread attribute
configure:4567: gcc -o conftest -g -O2  -g -O2 -I/usr/include/SDL -D_REENTRANT  -lSDL -lpthread conftest.c   >&5
configure:4573: $? = 0
configure:4577: test -z 
			 || test ! -s conftest.err
configure:4580: $? = 0
configure:4583: test -s conftest
configure:4586: $? = 0
configure:4652: result: PTHREAD_CREATE_JOINABLE
configure:4659: checking if more special flags are required for pthreads
configure:4666: result: no
configure:4678: checking for cc_r
configure:4705: result: gcc
configure:4753: checking for sys/types.h
configure:4769: g++ -c -g -O2 -g -O2 -I/usr/include/SDL -D_REENTRANT conftest.cc >&5
configure:4775: $? = 0
configure:4779: test -z 
			 || test ! -s conftest.err
configure:4782: $? = 0
configure:4785: test -s conftest.o
configure:4788: $? = 0
configure:4799: result: yes
configure:4753: checking for sys/stat.h
configure:4769: g++ -c -g -O2 -g -O2 -I/usr/include/SDL -D_REENTRANT conftest.cc >&5
configure:4775: $? = 0
configure:4779: test -z 
			 || test ! -s conftest.err
configure:4782: $? = 0
configure:4785: test -s conftest.o
configure:4788: $? = 0
configure:4799: result: yes
configure:4753: checking for stdlib.h
configure:4769: g++ -c -g -O2 -g -O2 -I/usr/include/SDL -D_REENTRANT conftest.cc >&5
configure:4775: $? = 0
configure:4779: test -z 
			 || test ! -s conftest.err
configure:4782: $? = 0
configure:4785: test -s conftest.o
configure:4788: $? = 0
configure:4799: result: yes
configure:4753: checking for string.h
configure:4769: g++ -c -g -O2 -g -O2 -I/usr/include/SDL -D_REENTRANT conftest.cc >&5
configure:4775: $? = 0
configure:4779: test -z 
			 || test ! -s conftest.err
configure:4782: $? = 0
configure:4785: test -s conftest.o
configure:4788: $? = 0
configure:4799: result: yes
configure:4753: checking for memory.h
configure:4769: g++ -c -g -O2 -g -O2 -I/usr/include/SDL -D_REENTRANT conftest.cc >&5
configure:4775: $? = 0
configure:4779: test -z 
			 || test ! -s conftest.err
configure:4782: $? = 0
configure:4785: test -s conftest.o
configure:4788: $? = 0
configure:4799: result: yes
configure:4753: checking for strings.h
configure:4769: g++ -c -g -O2 -g -O2 -I/usr/include/SDL -D_REENTRANT conftest.cc >&5
configure:4775: $? = 0
configure:4779: test -z 
			 || test ! -s conftest.err
configure:4782: $? = 0
configure:4785: test -s conftest.o
configure:4788: $? = 0
configure:4799: result: yes
configure:4753: checking for inttypes.h
configure:4769: g++ -c -g -O2 -g -O2 -I/usr/include/SDL -D_REENTRANT conftest.cc >&5
configure:4775: $? = 0
configure:4779: test -z 
			 || test ! -s conftest.err
configure:4782: $? = 0
configure:4785: test -s conftest.o
configure:4788: $? = 0
configure:4799: result: yes
configure:4753: checking for stdint.h
configure:4769: g++ -c -g -O2 -g -O2 -I/usr/include/SDL -D_REENTRANT conftest.cc >&5
configure:4775: $? = 0
configure:4779: test -z 
			 || test ! -s conftest.err
configure:4782: $? = 0
configure:4785: test -s conftest.o
configure:4788: $? = 0
configure:4799: result: yes
configure:4753: checking for unistd.h
configure:4769: g++ -c -g -O2 -g -O2 -I/usr/include/SDL -D_REENTRANT conftest.cc >&5
configure:4775: $? = 0
configure:4779: test -z 
			 || test ! -s conftest.err
configure:4782: $? = 0
configure:4785: test -s conftest.o
configure:4788: $? = 0
configure:4799: result: yes
configure:4816: checking how to run the C preprocessor
configure:4851: gcc -E -g -O2 -I/usr/include/SDL -D_REENTRANT conftest.c
configure:4857: $? = 0
configure:4889: gcc -E -g -O2 -I/usr/include/SDL -D_REENTRANT conftest.c
conftest.c:25:28: ac_nonexistent.h: No such file or directory
configure:4895: $? = 1
configure: failed program was:
| /* confdefs.h.  */
| 
| #define PACKAGE_NAME "guichanffdemo"
| #define PACKAGE_TARNAME "Gui-chan-FF-demo"
| #define PACKAGE_VERSION "1.0"
| #define PACKAGE_STRING "guichanffdemo 1.0"
| #define PACKAGE_BUGREPORT "jansem@darkbits.org"
| #define PACKAGE "Gui-chan-FF-demo"
| #define VERSION "1.0"
| #ifdef __cplusplus
| extern "C" void std::exit (int) throw (); using std::exit;
| #endif
| #define STDC_HEADERS 1
| #define HAVE_PTHREAD 1
| #define HAVE_SYS_TYPES_H 1
| #define HAVE_SYS_STAT_H 1
| #define HAVE_STDLIB_H 1
| #define HAVE_STRING_H 1
| #define HAVE_MEMORY_H 1
| #define HAVE_STRINGS_H 1
| #define HAVE_INTTYPES_H 1
| #define HAVE_STDINT_H 1
| #define HAVE_UNISTD_H 1
| /* end confdefs.h.  */
| #include <ac_nonexistent.h>
configure:4934: result: gcc -E
configure:4958: gcc -E -g -O2 -I/usr/include/SDL -D_REENTRANT conftest.c
configure:4964: $? = 0
configure:4996: gcc -E -g -O2 -I/usr/include/SDL -D_REENTRANT conftest.c
conftest.c:25:28: ac_nonexistent.h: No such file or directory
configure:5002: $? = 1
configure: failed program was:
| /* confdefs.h.  */
| 
| #define PACKAGE_NAME "guichanffdemo"
| #define PACKAGE_TARNAME "Gui-chan-FF-demo"
| #define PACKAGE_VERSION "1.0"
| #define PACKAGE_STRING "guichanffdemo 1.0"
| #define PACKAGE_BUGREPORT "jansem@darkbits.org"
| #define PACKAGE "Gui-chan-FF-demo"
| #define VERSION "1.0"
| #ifdef __cplusplus
| extern "C" void std::exit (int) throw (); using std::exit;
| #endif
| #define STDC_HEADERS 1
| #define HAVE_PTHREAD 1
| #define HAVE_SYS_TYPES_H 1
| #define HAVE_SYS_STAT_H 1
| #define HAVE_STDLIB_H 1
| #define HAVE_STRING_H 1
| #define HAVE_MEMORY_H 1
| #define HAVE_STRINGS_H 1
| #define HAVE_INTTYPES_H 1
| #define HAVE_STDINT_H 1
| #define HAVE_UNISTD_H 1
| /* end confdefs.h.  */
| #include <ac_nonexistent.h>
configure:5103: checking windows.h usability
configure:5115: gcc -c -g -O2 -g -O2 -I/usr/include/SDL -D_REENTRANT conftest.c >&5
conftest.c:59:21: windows.h: No such file or directory
configure:5121: $? = 1
configure: failed program was:
| /* confdefs.h.  */
| 
| #define PACKAGE_NAME "guichanffdemo"
| #define PACKAGE_TARNAME "Gui-chan-FF-demo"
| #define PACKAGE_VERSION "1.0"
| #define PACKAGE_STRING "guichanffdemo 1.0"
| #define PACKAGE_BUGREPORT "jansem@darkbits.org"
| #define PACKAGE "Gui-chan-FF-demo"
| #define VERSION "1.0"
| #ifdef __cplusplus
| extern "C" void std::exit (int) throw (); using std::exit;
| #endif
| #define STDC_HEADERS 1
| #define HAVE_PTHREAD 1
| #define HAVE_SYS_TYPES_H 1
| #define HAVE_SYS_STAT_H 1
| #define HAVE_STDLIB_H 1
| #define HAVE_STRING_H 1
| #define HAVE_MEMORY_H 1
| #define HAVE_STRINGS_H 1
| #define HAVE_INTTYPES_H 1
| #define HAVE_STDINT_H 1
| #define HAVE_UNISTD_H 1
| /* end confdefs.h.  */
| #include <stdio.h>
| #if HAVE_SYS_TYPES_H
| # include <sys/types.h>
| #endif
| #if HAVE_SYS_STAT_H
| # include <sys/stat.h>
| #endif
| #if STDC_HEADERS
| # include <stdlib.h>
| # include <stddef.h>
| #else
| # if HAVE_STDLIB_H
| #  include <stdlib.h>
| # endif
| #endif
| #if HAVE_STRING_H
| # if !STDC_HEADERS && HAVE_MEMORY_H
| #  include <memory.h>
| # endif
| # include <string.h>
| #endif
| #if HAVE_STRINGS_H
| # include <strings.h>
| #endif
| #if HAVE_INTTYPES_H
| # include <inttypes.h>
| #else
| # if HAVE_STDINT_H
| #  include <stdint.h>
| # endif
| #endif
| #if HAVE_UNISTD_H
| # include <unistd.h>
| #endif
| #include <windows.h>
configure:5144: result: no
configure:5148: checking windows.h presence
configure:5158: gcc -E -g -O2 -I/usr/include/SDL -D_REENTRANT conftest.c
conftest.c:25:21: windows.h: No such file or directory
configure:5164: $? = 1
configure: failed program was:
| /* confdefs.h.  */
| 
| #define PACKAGE_NAME "guichanffdemo"
| #define PACKAGE_TARNAME "Gui-chan-FF-demo"
| #define PACKAGE_VERSION "1.0"
| #define PACKAGE_STRING "guichanffdemo 1.0"
| #define PACKAGE_BUGREPORT "jansem@darkbits.org"
| #define PACKAGE "Gui-chan-FF-demo"
| #define VERSION "1.0"
| #ifdef __cplusplus
| extern "C" void std::exit (int) throw (); using std::exit;
| #endif
| #define STDC_HEADERS 1
| #define HAVE_PTHREAD 1
| #define HAVE_SYS_TYPES_H 1
| #define HAVE_SYS_STAT_H 1
| #define HAVE_STDLIB_H 1
| #define HAVE_STRING_H 1
| #define HAVE_MEMORY_H 1
| #define HAVE_STRINGS_H 1
| #define HAVE_INTTYPES_H 1
| #define HAVE_STDINT_H 1
| #define HAVE_UNISTD_H 1
| /* end confdefs.h.  */
| #include <windows.h>
configure:5184: result: no
configure:5219: checking for windows.h
configure:5226: result: no
configure:5240: checking for OpenGL library
configure:5279: gcc -o conftest -g -O2  -g -O2 -I/usr/include/SDL -D_REENTRANT  -lSDL -lpthread conftest.c -lopengl32  -lm  >&5
/usr/lib/gcc/i686-pc-linux-gnu/3.4.4/../../../../i686-pc-linux-gnu/bin/ld: cannot find -lopengl32
collect2: ld returned 1 exit status
configure:5285: $? = 1
configure: failed program was:
| /* confdefs.h.  */
| 
| #define PACKAGE_NAME "guichanffdemo"
| #define PACKAGE_TARNAME "Gui-chan-FF-demo"
| #define PACKAGE_VERSION "1.0"
| #define PACKAGE_STRING "guichanffdemo 1.0"
| #define PACKAGE_BUGREPORT "jansem@darkbits.org"
| #define PACKAGE "Gui-chan-FF-demo"
| #define VERSION "1.0"
| #ifdef __cplusplus
| extern "C" void std::exit (int) throw (); using std::exit;
| #endif
| #define STDC_HEADERS 1
| #define HAVE_PTHREAD 1
| #define HAVE_SYS_TYPES_H 1
| #define HAVE_SYS_STAT_H 1
| #define HAVE_STDLIB_H 1
| #define HAVE_STRING_H 1
| #define HAVE_MEMORY_H 1
| #define HAVE_STRINGS_H 1
| #define HAVE_INTTYPES_H 1
| #define HAVE_STDINT_H 1
| #define HAVE_UNISTD_H 1
| /* end confdefs.h.  */
| 
| # if HAVE_WINDOWS_H && defined(_WIN32)
| #   include <windows.h>
| # endif
| # include <GL/gl.h>
| 
| int
| main ()
| {
| glBegin(0)
|   ;
|   return 0;
| }
configure:5279: gcc -o conftest -g -O2  -g -O2 -I/usr/include/SDL -D_REENTRANT  -lSDL -lpthread conftest.c -lGL  -lm  >&5
configure:5285: $? = 0
configure:5289: test -z 
			 || test ! -s conftest.err
configure:5292: $? = 0
configure:5295: test -s conftest
configure:5298: $? = 0
configure:5312: result: -lGL
configure:5341: checking for OpenGL Utility library
configure:5394: g++ -o conftest -g -O2  -g -O2 -I/usr/include/SDL -D_REENTRANT  -lSDL -lpthread conftest.cc -lglu32 -lGL  -lm  >&5
/usr/lib/gcc/i686-pc-linux-gnu/3.4.4/../../../../i686-pc-linux-gnu/bin/ld: cannot find -lglu32
collect2: ld returned 1 exit status
configure:5400: $? = 1
configure: failed program was:
| /* confdefs.h.  */
| 
| #define PACKAGE_NAME "guichanffdemo"
| #define PACKAGE_TARNAME "Gui-chan-FF-demo"
| #define PACKAGE_VERSION "1.0"
| #define PACKAGE_STRING "guichanffdemo 1.0"
| #define PACKAGE_BUGREPORT "jansem@darkbits.org"
| #define PACKAGE "Gui-chan-FF-demo"
| #define VERSION "1.0"
| #ifdef __cplusplus
| extern "C" void std::exit (int) throw (); using std::exit;
| #endif
| #define STDC_HEADERS 1
| #define HAVE_PTHREAD 1
| #define HAVE_SYS_TYPES_H 1
| #define HAVE_SYS_STAT_H 1
| #define HAVE_STDLIB_H 1
| #define HAVE_STRING_H 1
| #define HAVE_MEMORY_H 1
| #define HAVE_STRINGS_H 1
| #define HAVE_INTTYPES_H 1
| #define HAVE_STDINT_H 1
| #define HAVE_UNISTD_H 1
| /* end confdefs.h.  */
| 
| # if HAVE_WINDOWS_H && defined(_WIN32)
| #   include <windows.h>
| # endif
| # include <GL/glu.h>
| 
| int
| main ()
| {
| gluBeginCurve(0)
|   ;
|   return 0;
| }
configure:5394: g++ -o conftest -g -O2  -g -O2 -I/usr/include/SDL -D_REENTRANT  -lSDL -lpthread conftest.cc -lGLU -lGL  -lm  >&5
configure:5400: $? = 0
configure:5404: test -z 
			 || test ! -s conftest.err
configure:5407: $? = 0
configure:5410: test -s conftest
configure:5413: $? = 0
configure:5435: result: -lGLU
configure:5454: checking for gcnGuichanVersion in -lguichan
configure:5484: g++ -o conftest -g -O2 -g -O2 -I/usr/include/SDL -D_REENTRANT  -lSDL -lpthread conftest.cc -lguichan   >&5
configure:5490: $? = 0
configure:5494: test -z 
			 || test ! -s conftest.err
configure:5497: $? = 0
configure:5500: test -s conftest
configure:5503: $? = 0
configure:5516: result: yes
configure:5632: creating ./config.status

## ---------------------- ##
## Running config.status. ##
## ---------------------- ##

This file was extended by guichanffdemo config.status 1.0, which was
generated by GNU Autoconf 2.59.  Invocation command line was

  CONFIG_FILES    = 
  CONFIG_HEADERS  = 
  CONFIG_LINKS    = 
  CONFIG_COMMANDS = 
  $ ./config.status 

on Ernst

config.status:709: creating Makefile
config.status:813: creating include/config.hpp
config.status:921: include/config.hpp is unchanged
config.status:1085: executing depfiles commands

## ---------------- ##
## Cache variables. ##
## ---------------- ##

ac_cv_build=i686-pc-linux-gnu
ac_cv_build_alias=i686-pc-linux-gnu
ac_cv_c_compiler_gnu=yes
ac_cv_cxx_compiler_gnu=yes
ac_cv_env_CC_set=
ac_cv_env_CC_value=
ac_cv_env_CFLAGS_set=
ac_cv_env_CFLAGS_value=
ac_cv_env_CPPFLAGS_set=
ac_cv_env_CPPFLAGS_value=
ac_cv_env_CPP_set=
ac_cv_env_CPP_value=
ac_cv_env_CXXCPP_set=
ac_cv_env_CXXCPP_value=
ac_cv_env_CXXFLAGS_set=
ac_cv_env_CXXFLAGS_value=
ac_cv_env_CXX_set=
ac_cv_env_CXX_value=
ac_cv_env_LDFLAGS_set=
ac_cv_env_LDFLAGS_value=
ac_cv_env_build_alias_set=
ac_cv_env_build_alias_value=
ac_cv_env_host_alias_set=
ac_cv_env_host_alias_value=
ac_cv_env_target_alias_set=
ac_cv_env_target_alias_value=
ac_cv_exeext=
ac_cv_have_x='have_x=yes 		ac_x_includes= ac_x_libraries='
ac_cv_header_inttypes_h=yes
ac_cv_header_memory_h=yes
ac_cv_header_stdc=yes
ac_cv_header_stdint_h=yes
ac_cv_header_stdlib_h=yes
ac_cv_header_string_h=yes
ac_cv_header_strings_h=yes
ac_cv_header_sys_stat_h=yes
ac_cv_header_sys_types_h=yes
ac_cv_header_unistd_h=yes
ac_cv_header_windows_h=no
ac_cv_host=i686-pc-linux-gnu
ac_cv_host_alias=i686-pc-linux-gnu
ac_cv_lib_SDL_image_IMG_Load=yes
ac_cv_lib_SDL_mixer_Mix_OpenAudio=yes
ac_cv_lib_guichan_gcnGuichanVersion=yes
ac_cv_objext=o
ac_cv_path_install='/usr/bin/install -c'
ac_cv_prog_AWK=gawk
ac_cv_prog_CPP='gcc -E'
ac_cv_prog_CXXCPP='g++ -E'
ac_cv_prog_HAS_SDL=yes
ac_cv_prog_PTHREAD_CC=gcc
ac_cv_prog_ac_ct_CC=gcc
ac_cv_prog_ac_ct_CXX=g++
ac_cv_prog_cc_g=yes
ac_cv_prog_cc_stdc=
ac_cv_prog_cxx_g=yes
ac_cv_prog_egrep='grep -E'
ac_cv_prog_make_make_set=yes
ac_cv_target=i686-pc-linux-gnu
ac_cv_target_alias=i686-pc-linux-gnu
am_cv_CC_dependencies_compiler_type=gcc3
am_cv_CXX_dependencies_compiler_type=gcc3
ax_cv_check_gl_libgl=-lGL
ax_cv_check_glu_libglu=-lGLU

## ----------------- ##
## Output variables. ##
## ----------------- ##

ACLOCAL='${SHELL} /home/olof/prog/c/guichan/demos/fps/missing --run aclocal-1.6'
AMDEPBACKSLASH='\'
AMDEP_FALSE='#'
AMDEP_TRUE=''
AMTAR='${SHELL} /home/olof/prog/c/guichan/demos/fps/missing --run tar'
AUTOCONF='${SHELL} /home/olof/prog/c/guichan/demos/fps/missing --run autoconf'
AUTOHEADER='${SHELL} /home/olof/prog/c/guichan/demos/fps/missing --run autoheader'
AUTOMAKE='${SHELL} /home/olof/prog/c/guichan/demos/fps/missing --run automake-1.6'
AWK='gawk'
CC='gcc'
CCDEPMODE='depmode=gcc3'
CFLAGS='-g -O2'
CPP='gcc -E'
CPPFLAGS='-g -O2 -I/usr/include/SDL -D_REENTRANT'
CXX='g++'
CXXCPP='g++ -E'
CXXDEPMODE='depmode=gcc3'
CXXFLAGS='-g -O2'
DEFS='-DHAVE_CONFIG_H'
DEPDIR='.deps'
ECHO_C=''
ECHO_N='-n'
ECHO_T=''
EGREP='grep -E'
EXEEXT=''
GLU_CFLAGS=''
GLU_LIBS='-lGLU -lGL  -lm'
GL_CFLAGS=''
GL_LIBS='-lGL  -lm'
GUICHANFPSDEMO_LIBS=' -lSDL_image -lSDL_mixer -lguichan -lguichan_sdl -lguichan_opengl'
HAS_SDL='yes'
INSTALL_DATA='${INSTALL} -m 644'
INSTALL_PROGRAM='${INSTALL}'
INSTALL_SCRIPT='${INSTALL}'
INSTALL_STRIP_PROGRAM='${SHELL} $(install_sh) -c -s'
LDFLAGS=' -lSDL -lpthread'
LIBOBJS=''
LIBS=''
LTLIBOBJS=''
MAKEINFO='${SHELL} /home/olof/prog/c/guichan/demos/fps/missing --run makeinfo'
OBJEXT='o'
PACKAGE='Gui-chan-FF-demo'
PACKAGE_BUGREPORT='jansem@darkbits.org'
PACKAGE_NAME='guichanffdemo'
PACKAGE_STRING='guichanffdemo 1.0'
PACKAGE_TARNAME='Gui-chan-FF-demo'
PACKAGE_VERSION='1.0'
PATH_SEPARATOR=':'
PTHREAD_CC='gcc'
PTHREAD_CFLAGS=''
PTHREAD_LIBS=''
SET_MAKE=''
SHELL='/bin/sh'
STRIP=''
VERSION='1.0'
ac_ct_CC='gcc'
ac_ct_CXX='g++'
ac_ct_STRIP=''
acx_pthread_config=''
am__include='include'
am__quote=''
bindir='${exec_prefix}/bin'
build='i686-pc-linux-gnu'
build_alias=''
build_cpu='i686'
build_os='linux-gnu'
build_vendor='pc'
datadir='${prefix}/share'
exec_prefix='${prefix}'
host='i686-pc-linux-gnu'
host_alias=''
host_cpu='i686'
host_os='linux-gnu'
host_vendor='pc'
includedir='${prefix}/include'
infodir='${prefix}/info'
install_sh='/home/olof/prog/c/guichan/demos/fps/install-sh'
libdir='${exec_prefix}/lib'
libexecdir='${exec_prefix}/libexec'
localstatedir='${prefix}/var'
mandir='${prefix}/man'
oldincludedir='/usr/include'
prefix='/usr/local'
program_transform_name='s,x,x,'
sbindir='${exec_prefix}/sbin'
sharedstatedir='${prefix}/com'
sysconfdir='${prefix}/etc'
target='i686-pc-linux-gnu'
target_alias=''
target_cpu='i686'
target_os='linux-gnu'
target_vendor='pc'

## ----------- ##
## confdefs.h. ##
## ----------- ##

#define HAVE_INTTYPES_H 1
#define HAVE_MEMORY_H 1
#define HAVE_PTHREAD 1
#define HAVE_STDINT_H 1
#define HAVE_STDLIB_H 1
#define HAVE_STRINGS_H 1
#define HAVE_STRING_H 1
#define HAVE_SYS_STAT_H 1
#define HAVE_SYS_TYPES_H 1
#define HAVE_UNISTD_H 1
#define PACKAGE "Gui-chan-FF-demo"
#define PACKAGE_BUGREPORT "jansem@darkbits.org"
#define PACKAGE_NAME "guichanffdemo"
#define PACKAGE_STRING "guichanffdemo 1.0"
#define PACKAGE_TARNAME "Gui-chan-FF-demo"
#define PACKAGE_VERSION "1.0"
#define STDC_HEADERS 1
#define VERSION "1.0"
#endif
#ifdef __cplusplus
extern "C" void std::exit (int) throw (); using std::exit;

configure: exit 0
